<?xml version="1.0" encoding="UTF-8"?>
<testsuite xmlns:xsi="http://www.w3.org/2001/XMLSchema-instance" xsi:noNamespaceSchemaLocation="https://maven.apache.org/surefire/maven-surefire-plugin/xsd/surefire-test-report.xsd" name="org.finances.CustomVerificationTest" time="2.052" tests="1" errors="0" skipped="0" failures="1">
  <properties>
    <property name="java.specification.version" value="17"/>
    <property name="sun.jnu.encoding" value="UTF-8"/>
    <property name="java.class.path" value="/Users/kate/projects/demo/target/test-classes:/Users/kate/projects/demo/target/classes:/Users/kate/.m2/repository/org/junit/jupiter/junit-jupiter-engine/5.4.0/junit-jupiter-engine-5.4.0.jar:/Users/kate/.m2/repository/org/apiguardian/apiguardian-api/1.0.0/apiguardian-api-1.0.0.jar:/Users/kate/.m2/repository/org/junit/platform/junit-platform-engine/1.4.0/junit-platform-engine-1.4.0.jar:/Users/kate/.m2/repository/org/opentest4j/opentest4j/1.1.1/opentest4j-1.1.1.jar:/Users/kate/.m2/repository/org/junit/platform/junit-platform-commons/1.4.0/junit-platform-commons-1.4.0.jar:/Users/kate/.m2/repository/org/junit/jupiter/junit-jupiter-api/5.4.0/junit-jupiter-api-5.4.0.jar:/Users/kate/.m2/repository/org/junit/jupiter/junit-jupiter-params/5.4.0/junit-jupiter-params-5.4.0.jar:/Users/kate/.m2/repository/org/projectlombok/lombok/1.18.20/lombok-1.18.20.jar:/Users/kate/.m2/repository/com/fasterxml/jackson/core/jackson-databind/2.13.0/jackson-databind-2.13.0.jar:/Users/kate/.m2/repository/com/fasterxml/jackson/core/jackson-annotations/2.13.0/jackson-annotations-2.13.0.jar:/Users/kate/.m2/repository/com/fasterxml/jackson/core/jackson-core/2.13.0/jackson-core-2.13.0.jar:/Users/kate/.m2/repository/fun/mike/diff-match-patch/0.0.2/diff-match-patch-0.0.2.jar:"/>
    <property name="java.vm.vendor" value="Homebrew"/>
    <property name="sun.arch.data.model" value="64"/>
    <property name="java.vendor.url" value="https://github.com/Homebrew/homebrew-core/issues"/>
    <property name="os.name" value="Mac OS X"/>
    <property name="java.vm.specification.version" value="17"/>
    <property name="sun.java.launcher" value="SUN_STANDARD"/>
    <property name="user.country" value="GB"/>
    <property name="sun.boot.library.path" value="/usr/local/Cellar/openjdk/17.0.1/libexec/openjdk.jdk/Contents/Home/lib"/>
    <property name="sun.java.command" value="/Users/kate/projects/demo/target/surefire/surefirebooter12172924021079112490.jar /Users/kate/projects/demo/target/surefire 2021-12-29T13-32-09_072-jvmRun1 surefire5787795524651375361tmp surefire_05703530980246320925tmp"/>
    <property name="http.nonProxyHosts" value="local|*.local|169.254/16|*.169.254/16"/>
    <property name="jdk.debug" value="release"/>
    <property name="surefire.test.class.path" value="/Users/kate/projects/demo/target/test-classes:/Users/kate/projects/demo/target/classes:/Users/kate/.m2/repository/org/junit/jupiter/junit-jupiter-engine/5.4.0/junit-jupiter-engine-5.4.0.jar:/Users/kate/.m2/repository/org/apiguardian/apiguardian-api/1.0.0/apiguardian-api-1.0.0.jar:/Users/kate/.m2/repository/org/junit/platform/junit-platform-engine/1.4.0/junit-platform-engine-1.4.0.jar:/Users/kate/.m2/repository/org/opentest4j/opentest4j/1.1.1/opentest4j-1.1.1.jar:/Users/kate/.m2/repository/org/junit/platform/junit-platform-commons/1.4.0/junit-platform-commons-1.4.0.jar:/Users/kate/.m2/repository/org/junit/jupiter/junit-jupiter-api/5.4.0/junit-jupiter-api-5.4.0.jar:/Users/kate/.m2/repository/org/junit/jupiter/junit-jupiter-params/5.4.0/junit-jupiter-params-5.4.0.jar:/Users/kate/.m2/repository/org/projectlombok/lombok/1.18.20/lombok-1.18.20.jar:/Users/kate/.m2/repository/com/fasterxml/jackson/core/jackson-databind/2.13.0/jackson-databind-2.13.0.jar:/Users/kate/.m2/repository/com/fasterxml/jackson/core/jackson-annotations/2.13.0/jackson-annotations-2.13.0.jar:/Users/kate/.m2/repository/com/fasterxml/jackson/core/jackson-core/2.13.0/jackson-core-2.13.0.jar:/Users/kate/.m2/repository/fun/mike/diff-match-patch/0.0.2/diff-match-patch-0.0.2.jar:"/>
    <property name="sun.cpu.endian" value="little"/>
    <property name="user.home" value="/Users/kate"/>
    <property name="user.language" value="en"/>
    <property name="java.specification.vendor" value="Oracle Corporation"/>
    <property name="java.version.date" value="2021-10-19"/>
    <property name="java.home" value="/usr/local/Cellar/openjdk/17.0.1/libexec/openjdk.jdk/Contents/Home"/>
    <property name="file.separator" value="/"/>
    <property name="basedir" value="/Users/kate/projects/demo"/>
    <property name="java.vm.compressedOopsMode" value="Zero based"/>
    <property name="line.separator" value="&#10;"/>
    <property name="java.specification.name" value="Java Platform API Specification"/>
    <property name="java.vm.specification.vendor" value="Oracle Corporation"/>
    <property name="surefire.real.class.path" value="/Users/kate/projects/demo/target/surefire/surefirebooter12172924021079112490.jar"/>
    <property name="sun.management.compiler" value="HotSpot 64-Bit Tiered Compilers"/>
    <property name="ftp.nonProxyHosts" value="local|*.local|169.254/16|*.169.254/16"/>
    <property name="java.runtime.version" value="17.0.1+0"/>
    <property name="user.name" value="kate"/>
    <property name="path.separator" value=":"/>
    <property name="os.version" value="12.0.1"/>
    <property name="java.runtime.name" value="OpenJDK Runtime Environment"/>
    <property name="file.encoding" value="UTF-8"/>
    <property name="java.vm.name" value="OpenJDK 64-Bit Server VM"/>
    <property name="java.vendor.version" value="Homebrew"/>
    <property name="localRepository" value="/Users/kate/.m2/repository"/>
    <property name="java.vendor.url.bug" value="https://github.com/Homebrew/homebrew-core/issues"/>
    <property name="java.io.tmpdir" value="/var/folders/fv/vg5175hs53b1qjxsw0bc9n080000gp/T/"/>
    <property name="java.version" value="17.0.1"/>
    <property name="user.dir" value="/Users/kate/projects/demo"/>
    <property name="os.arch" value="x86_64"/>
    <property name="java.vm.specification.name" value="Java Virtual Machine Specification"/>
    <property name="native.encoding" value="UTF-8"/>
    <property name="java.library.path" value="/Users/kate/Library/Java/Extensions:/Library/Java/Extensions:/Network/Library/Java/Extensions:/System/Library/Java/Extensions:/usr/lib/java:."/>
    <property name="java.vm.info" value="mixed mode, sharing"/>
    <property name="java.vendor" value="Homebrew"/>
    <property name="java.vm.version" value="17.0.1+0"/>
    <property name="sun.io.unicode.encoding" value="UnicodeBig"/>
    <property name="socksNonProxyHosts" value="local|*.local|169.254/16|*.169.254/16"/>
    <property name="java.class.version" value="61.0"/>
  </properties>
  <testcase name="runTest{String, String, String}[1]" classname="org.finances.CustomVerificationTest" time="2.042">
    <failure message="expected: &lt;+-----------------------------------------------------------------+&#10;| BUY                            | SELL                           |&#10;| Id       | Volume      | Price | Price | Volume      | Id       |&#10;+----------+-------------+-------+-------+-------------+----------+&#10;|          |             |       |      2|           12|         3|&#10;+-----------------------------------------------------------------+&#10;1,3,2,12&#10;+-----------------------------------------------------------------+&#10;| BUY                            | SELL                           |&#10;| Id       | Volume      | Price | Price | Volume      | Id       |&#10;+----------+-------------+-------+-------+-------------+----------+&#10;|         1|       99,988|      2|       |             |          |&#10;+-----------------------------------------------------------------+&#10;+-----------------------------------------------------------------+&#10;| BUY                            | SELL                           |&#10;| Id       | Volume      | Price | Price | Volume      | Id       |&#10;+----------+-------------+-------+-------+-------------+----------+&#10;|         1|       99,988|      2|       |             |          |&#10;|         2|       10,000|      2|       |             |          |&#10;+-----------------------------------------------------------------+&#10;1,6,2,12&#10;+-----------------------------------------------------------------+&#10;| BUY                            | SELL                           |&#10;| Id       | Volume      | Price | Price | Volume      | Id       |&#10;+----------+-------------+-------+-------+-------------+----------+&#10;|         1|       99,976|      2|       |             |          |&#10;|         2|       10,000|      2|       |             |          |&#10;+-----------------------------------------------------------------+&#10;1,4,2,88&#10;+-----------------------------------------------------------------+&#10;| BUY                            | SELL                           |&#10;| Id       | Volume      | Price | Price | Volume      | Id       |&#10;+----------+-------------+-------+-------+-------------+----------+&#10;|         1|       99,888|      2|       |             |          |&#10;|         2|       10,000|      2|       |             |          |&#10;+-----------------------------------------------------------------+&#10;1,5,2,99888&#10;2,5,2,112&#10;+-----------------------------------------------------------------+&#10;| BUY                            | SELL                           |&#10;| Id       | Volume      | Price | Price | Volume      | Id       |&#10;+----------+-------------+-------+-------+-------------+----------+&#10;|         2|        9,888|      2|       |             |          |&#10;+-----------------------------------------------------------------+&#10;&gt; but was: &lt;+-----------------------------------------------------------------+&#10;| BUY                            | SELL                           |&#10;| Id       | Volume      | Price | Price | Volume      | Id       |&#10;+----------+-------------+-------+-------+-------------+----------+&#10;|          |             |       |      2|           12|         3|&#10;+-----------------------------------------------------------------+&#10;1,3,2,12&#10;+-----------------------------------------------------------------+&#10;| BUY                            | SELL                           |&#10;| Id       | Volume      | Price | Price | Volume      | Id       |&#10;+----------+-------------+-------+-------+-------------+----------+&#10;|         1|       99,988|      2|       |             |          |&#10;+-----------------------------------------------------------------+&#10;+-----------------------------------------------------------------+&#10;| BUY                            | SELL                           |&#10;| Id       | Volume      | Price | Price | Volume      | Id       |&#10;+----------+-------------+-------+-------+-------------+----------+&#10;|         1|       99,988|      2|       |             |          |&#10;|         2|       10,000|      2|       |             |          |&#10;+-----------------------------------------------------------------+&#10;1,6,2,12&#10;+-----------------------------------------------------------------+&#10;| BUY                            | SELL                           |&#10;| Id       | Volume      | Price | Price | Volume      | Id       |&#10;+----------+-------------+-------+-------+-------------+----------+&#10;|         1|       99,976|      2|       |             |          |&#10;|         2|       10,000|      2|       |             |          |&#10;+-----------------------------------------------------------------+&#10;1,4,2,88&#10;+-----------------------------------------------------------------+&#10;| BUY                            | SELL                           |&#10;| Id       | Volume      | Price | Price | Volume      | Id       |&#10;+----------+-------------+-------+-------+-------------+----------+&#10;|         1|       99,888|      2|       |             |          |&#10;|         2|       10,000|      2|       |             |          |&#10;+-----------------------------------------------------------------+&#10;1,5,2,99888&#10;2,5,2,112&#10;+-----------------------------------------------------------------+&#10;| BUY                            | SELL                           |&#10;| Id       | Volume      | Price | Price | Volume      | Id       |&#10;+----------+-------------+-------+-------+-------------+----------+&#10;|         1|            0|      2|       |             |          |&#10;+-----------------------------------------------------------------+&gt;" type="org.opentest4j.AssertionFailedError"><![CDATA[org.opentest4j.AssertionFailedError: 
expected: <+-----------------------------------------------------------------+
| BUY                            | SELL                           |
| Id       | Volume      | Price | Price | Volume      | Id       |
+----------+-------------+-------+-------+-------------+----------+
|          |             |       |      2|           12|         3|
+-----------------------------------------------------------------+
1,3,2,12
+-----------------------------------------------------------------+
| BUY                            | SELL                           |
| Id       | Volume      | Price | Price | Volume      | Id       |
+----------+-------------+-------+-------+-------------+----------+
|         1|       99,988|      2|       |             |          |
+-----------------------------------------------------------------+
+-----------------------------------------------------------------+
| BUY                            | SELL                           |
| Id       | Volume      | Price | Price | Volume      | Id       |
+----------+-------------+-------+-------+-------------+----------+
|         1|       99,988|      2|       |             |          |
|         2|       10,000|      2|       |             |          |
+-----------------------------------------------------------------+
1,6,2,12
+-----------------------------------------------------------------+
| BUY                            | SELL                           |
| Id       | Volume      | Price | Price | Volume      | Id       |
+----------+-------------+-------+-------+-------------+----------+
|         1|       99,976|      2|       |             |          |
|         2|       10,000|      2|       |             |          |
+-----------------------------------------------------------------+
1,4,2,88
+-----------------------------------------------------------------+
| BUY                            | SELL                           |
| Id       | Volume      | Price | Price | Volume      | Id       |
+----------+-------------+-------+-------+-------------+----------+
|         1|       99,888|      2|       |             |          |
|         2|       10,000|      2|       |             |          |
+-----------------------------------------------------------------+
1,5,2,99888
2,5,2,112
+-----------------------------------------------------------------+
| BUY                            | SELL                           |
| Id       | Volume      | Price | Price | Volume      | Id       |
+----------+-------------+-------+-------+-------------+----------+
|         2|        9,888|      2|       |             |          |
+-----------------------------------------------------------------+
> but was: <+-----------------------------------------------------------------+
| BUY                            | SELL                           |
| Id       | Volume      | Price | Price | Volume      | Id       |
+----------+-------------+-------+-------+-------------+----------+
|          |             |       |      2|           12|         3|
+-----------------------------------------------------------------+
1,3,2,12
+-----------------------------------------------------------------+
| BUY                            | SELL                           |
| Id       | Volume      | Price | Price | Volume      | Id       |
+----------+-------------+-------+-------+-------------+----------+
|         1|       99,988|      2|       |             |          |
+-----------------------------------------------------------------+
+-----------------------------------------------------------------+
| BUY                            | SELL                           |
| Id       | Volume      | Price | Price | Volume      | Id       |
+----------+-------------+-------+-------+-------------+----------+
|         1|       99,988|      2|       |             |          |
|         2|       10,000|      2|       |             |          |
+-----------------------------------------------------------------+
1,6,2,12
+-----------------------------------------------------------------+
| BUY                            | SELL                           |
| Id       | Volume      | Price | Price | Volume      | Id       |
+----------+-------------+-------+-------+-------------+----------+
|         1|       99,976|      2|       |             |          |
|         2|       10,000|      2|       |             |          |
+-----------------------------------------------------------------+
1,4,2,88
+-----------------------------------------------------------------+
| BUY                            | SELL                           |
| Id       | Volume      | Price | Price | Volume      | Id       |
+----------+-------------+-------+-------+-------------+----------+
|         1|       99,888|      2|       |             |          |
|         2|       10,000|      2|       |             |          |
+-----------------------------------------------------------------+
1,5,2,99888
2,5,2,112
+-----------------------------------------------------------------+
| BUY                            | SELL                           |
| Id       | Volume      | Price | Price | Volume      | Id       |
+----------+-------------+-------+-------+-------------+----------+
|         1|            0|      2|       |             |          |
+-----------------------------------------------------------------+>
	at org.finances.CustomVerificationTest.runTest(CustomVerificationTest.java:24)
]]></failure>
    <system-out><![CDATA[+-----------------------------------------------------------------+
| BUY                            | SELL                           |
| Id       | Volume      | Price | Price | Volume      | Id       |
+----------+-------------+-------+-------+-------------+----------+
|          |             |       |      2|           12|         3|
+-----------------------------------------------------------------+
1,3,2,12
+-----------------------------------------------------------------+
| BUY                            | SELL                           |
| Id       | Volume      | Price | Price | Volume      | Id       |
+----------+-------------+-------+-------+-------------+----------+
|         1|       99,988|      2|       |             |          |
+-----------------------------------------------------------------+
+-----------------------------------------------------------------+
| BUY                            | SELL                           |
| Id       | Volume      | Price | Price | Volume      | Id       |
+----------+-------------+-------+-------+-------------+----------+
|         1|       99,988|      2|       |             |          |
|         2|       10,000|      2|       |             |          |
+-----------------------------------------------------------------+
1,6,2,12
+-----------------------------------------------------------------+
| BUY                            | SELL                           |
| Id       | Volume      | Price | Price | Volume      | Id       |
+----------+-------------+-------+-------+-------------+----------+
|         1|       99,976|      2|       |             |          |
|         2|       10,000|      2|       |             |          |
+-----------------------------------------------------------------+
1,4,2,88
+-----------------------------------------------------------------+
| BUY                            | SELL                           |
| Id       | Volume      | Price | Price | Volume      | Id       |
+----------+-------------+-------+-------+-------------+----------+
|         1|       99,888|      2|       |             |          |
|         2|       10,000|      2|       |             |          |
+-----------------------------------------------------------------+
1,5,2,99888
2,5,2,112
+-----------------------------------------------------------------+
| BUY                            | SELL                           |
| Id       | Volume      | Price | Price | Volume      | Id       |
+----------+-------------+-------+-------+-------------+----------+
|         1|            0|      2|       |             |          |
+-----------------------------------------------------------------+
]]></system-out>
    <system-err><![CDATA[Executing order 3 with 12 for order: 1 100000
1: 100000 - 12 = 99988
3: 12 - 12 = 0
1,3,2,12
Executing order 1 with 99988 for order: 6 12
6: 12 - 12 = 0
1: 99988 - 12 = 99976
1,6,2,12
Executing order 1 with 99976 for order: 4 88
4: 88 - 88 = 0
1: 99976 - 88 = 99888
1,4,2,88
Executing order 1 with 99888 for order: 5 100000
5: 100000 - 99888 = 112
1: 99888 - 99888 = 0
1,5,2,99888
Executing order 2 with 10000 for order: 5 112
5: 112 - 112 = 0
2: 10000 - 112 = 9888
2,5,2,112
Empty ordeString
Empty ordeString
]]></system-err>
  </testcase>
</testsuite>